2012927132721   GetSRVConnState ----- Start 
2012927132724   ==================================================
2012927132724   Server State : idle
2012927132724   Description : Ready to connect
2012927132724   +++++++++++++++++++++++++++++++++++++++++
2012927132724   Network Serving Nmae : Roaming
2012927132724   Network Serving Type : 1XRTT
2012927132724   Network Serving ID : 139
2012927132724   Network Serving Server : server.pantech.com
2012927132724   Netwrok Serving Server Type : Roam Agent
2012927132724   Network Serving Encryption : CDMA
2012927132724   +++++++++++++++++++++++++++++++++++++++++
2012927132724   Network Serving Roam Type : None
2012927132724   Network Serving Roam Indicator : None
2012927132724   Network Serving Roam Indicator Description : None
2012927132724   Network Serving Roam Indicator Description : None
2012927132724   Network Serving Home Type : LTE
2012927132724   Network Serving Home ID : 311480
2012927132724   +++++++++++++++++++++++++++++++++++++++++
2012927132724   Network Actions : connect;poweroff
2012927132724   +++++++++++++++++++++++++++++++++++++++++
2012927132724   Network Connection IP4 IP : 0.0.0.0
2012927132724   Network Connection IP4 Subnet : 0.0.0.0
2012927132724   Network connection IP4 Gateway : 0.0.0.0
2012927132724   Network Connection IP4 DNS : 0.0.0.0
2012927132724   +++++++++++++++++++++++++++++++++++++++++
2012927132724   Network Connection IP6 IP : 0:0:0:0:0:0:0:0
2012927132724   Network Connection IP6 Subnet : None
2012927132724   Network connection IP6 Gateway : None
2012927132724   Network Connection IP6 DNS : 0:0:0:0:0:0:0:0
2012927132724   ==================================================
2012927132724   GetSRVConnState ----- END 
2012927132730   GetSRVConnState ----- Start 
2012927132730   ==================================================
2012927132730   Server State : idle
2012927132730   Description : Ready to connect
2012927132730   +++++++++++++++++++++++++++++++++++++++++
2012927132730   Network Serving Nmae : Roaming
2012927132730   Network Serving Type : 1XRTT
2012927132730   Network Serving ID : 139
2012927132730   Network Serving Server : server.pantech.com
2012927132730   Netwrok Serving Server Type : Roam Agent
2012927132730   Network Serving Encryption : CDMA
2012927132730   +++++++++++++++++++++++++++++++++++++++++
2012927132730   Network Serving Roam Type : None
2012927132730   Network Serving Roam Indicator : None
2012927132730   Network Serving Roam Indicator Description : None
2012927132730   Network Serving Roam Indicator Description : None
2012927132730   Network Serving Home Type : LTE
2012927132730   Network Serving Home ID : 311480
2012927132730   +++++++++++++++++++++++++++++++++++++++++
2012927132730   Network Actions : connect;poweroff
2012927132730   +++++++++++++++++++++++++++++++++++++++++
2012927132730   Network Connection IP4 IP : 0.0.0.0
2012927132730   Network Connection IP4 Subnet : 0.0.0.0
2012927132730   Network connection IP4 Gateway : 0.0.0.0
2012927132730   Network Connection IP4 DNS : 0.0.0.0
2012927132730   +++++++++++++++++++++++++++++++++++++++++
2012927132730   Network Connection IP6 IP : 0:0:0:0:0:0:0:0
2012927132730   Network Connection IP6 Subnet : None
2012927132730   Network connection IP6 Gateway : None
2012927132730   Network Connection IP6 DNS : 0:0:0:0:0:0:0:0
2012927132730   ==================================================
2012927132730   GetSRVConnState ----- END 
2012927132731   GetSRVConnState ----- Start 
2012927132731   ==================================================
2012927132731   Server State : idle
2012927132731   Description : Ready to connect
2012927132731   +++++++++++++++++++++++++++++++++++++++++
2012927132731   Network Serving Nmae : Roaming
2012927132731   Network Serving Type : 1XRTT
2012927132731   Network Serving ID : 139
2012927132731   Network Serving Server : server.pantech.com
2012927132731   Netwrok Serving Server Type : Roam Agent
2012927132731   Network Serving Encryption : CDMA
2012927132731   +++++++++++++++++++++++++++++++++++++++++
2012927132731   Network Serving Roam Type : None
2012927132731   Network Serving Roam Indicator : None
2012927132731   Network Serving Roam Indicator Description : None
2012927132731   Network Serving Roam Indicator Description : None
2012927132731   Network Serving Home Type : LTE
2012927132731   Network Serving Home ID : 311480
2012927132731   +++++++++++++++++++++++++++++++++++++++++
2012927132731   Network Actions : connect;poweroff
2012927132731   +++++++++++++++++++++++++++++++++++++++++
2012927132731   Network Connection IP4 IP : 0.0.0.0
2012927132731   Network Connection IP4 Subnet : 0.0.0.0
2012927132731   Network connection IP4 Gateway : 0.0.0.0
2012927132731   Network Connection IP4 DNS : 0.0.0.0
2012927132731   +++++++++++++++++++++++++++++++++++++++++
2012927132731   Network Connection IP6 IP : 0:0:0:0:0:0:0:0
2012927132731   Network Connection IP6 Subnet : None
2012927132731   Network connection IP6 Gateway : None
2012927132731   Network Connection IP6 DNS : 0:0:0:0:0:0:0:0
2012927132731   ==================================================
2012927132731   GetSRVConnState ----- END 
2012927132731   GetSRVConnState ----- Start 
2012927132731   ==================================================
2012927132731   Server State : idle
2012927132731   Description : Ready to connect
2012927132731   +++++++++++++++++++++++++++++++++++++++++
2012927132731   Network Serving Nmae : Roaming
2012927132731   Network Serving Type : 1XRTT
2012927132731   Network Serving ID : 139
2012927132731   Network Serving Server : server.pantech.com
2012927132731   Netwrok Serving Server Type : Roam Agent
2012927132731   Network Serving Encryption : CDMA
2012927132731   +++++++++++++++++++++++++++++++++++++++++
2012927132731   Network Serving Roam Type : None
2012927132731   Network Serving Roam Indicator : None
2012927132731   Network Serving Roam Indicator Description : None
2012927132731   Network Serving Roam Indicator Description : None
2012927132731   Network Serving Home Type : LTE
2012927132731   Network Serving Home ID : 311480
2012927132731   +++++++++++++++++++++++++++++++++++++++++
2012927132731   Network Actions : connect;poweroff
2012927132731   +++++++++++++++++++++++++++++++++++++++++
2012927132731   Network Connection IP4 IP : 0.0.0.0
2012927132731   Network Connection IP4 Subnet : 0.0.0.0
2012927132731   Network connection IP4 Gateway : 0.0.0.0
2012927132731   Network Connection IP4 DNS : 0.0.0.0
2012927132731   +++++++++++++++++++++++++++++++++++++++++
2012927132731   Network Connection IP6 IP : 0:0:0:0:0:0:0:0
2012927132731   Network Connection IP6 Subnet : None
2012927132731   Network connection IP6 Gateway : None
2012927132731   Network Connection IP6 DNS : 0:0:0:0:0:0:0:0
2012927132731   ==================================================
2012927132731   GetSRVConnState ----- END 
2012927132731   GetSRVConnState ----- Start 
2012927132731   ==================================================
2012927132731   Server State : idle
2012927132731   Description : Ready to connect
2012927132731   +++++++++++++++++++++++++++++++++++++++++
2012927132731   Network Serving Nmae : Roaming
2012927132731   Network Serving Type : 1XRTT
2012927132731   Network Serving ID : 139
2012927132731   Network Serving Server : server.pantech.com
2012927132731   Netwrok Serving Server Type : Roam Agent
2012927132731   Network Serving Encryption : CDMA
2012927132732   +++++++++++++++++++++++++++++++++++++++++
2012927132732   Network Serving Roam Type : None
2012927132732   Network Serving Roam Indicator : None
2012927132732   Network Serving Roam Indicator Description : None
2012927132732   Network Serving Roam Indicator Description : None
2012927132732   Network Serving Home Type : LTE
2012927132732   Network Serving Home ID : 311480
2012927132732   +++++++++++++++++++++++++++++++++++++++++
2012927132732   Network Actions : connect;poweroff
2012927132732   +++++++++++++++++++++++++++++++++++++++++
2012927132732   Network Connection IP4 IP : 0.0.0.0
2012927132732   Network Connection IP4 Subnet : 0.0.0.0
2012927132732   Network connection IP4 Gateway : 0.0.0.0
2012927132732   Network Connection IP4 DNS : 0.0.0.0
2012927132732   +++++++++++++++++++++++++++++++++++++++++
2012927132732   Network Connection IP6 IP : 0:0:0:0:0:0:0:0
2012927132732   Network Connection IP6 Subnet : None
2012927132732   Network connection IP6 Gateway : None
2012927132732   Network Connection IP6 DNS : 0:0:0:0:0:0:0:0
2012927132732   ==================================================
2012927132732   GetSRVConnState ----- END 
2012927132732   GetSRVConnState ----- Start 
2012927132732   ==================================================
2012927132732   Server State : idle
2012927132732   Description : Ready to connect
2012927132732   +++++++++++++++++++++++++++++++++++++++++
2012927132732   Network Serving Nmae : Roaming
2012927132732   Network Serving Type : 1XRTT
2012927132732   Network Serving ID : 139
2012927132732   Network Serving Server : server.pantech.com
2012927132732   Netwrok Serving Server Type : Roam Agent
2012927132732   Network Serving Encryption : CDMA
2012927132732   +++++++++++++++++++++++++++++++++++++++++
2012927132732   Network Serving Roam Type : None
2012927132732   Network Serving Roam Indicator : None
2012927132732   Network Serving Roam Indicator Description : None
2012927132732   Network Serving Roam Indicator Description : None
2012927132732   Network Serving Home Type : LTE
2012927132732   Network Serving Home ID : 311480
2012927132732   +++++++++++++++++++++++++++++++++++++++++
2012927132732   Network Actions : connect;poweroff
2012927132732   +++++++++++++++++++++++++++++++++++++++++
2012927132732   Network Connection IP4 IP : 0.0.0.0
2012927132732   Network Connection IP4 Subnet : 0.0.0.0
2012927132732   Network connection IP4 Gateway : 0.0.0.0
2012927132732   Network Connection IP4 DNS : 0.0.0.0
2012927132732   +++++++++++++++++++++++++++++++++++++++++
2012927132732   Network Connection IP6 IP : 0:0:0:0:0:0:0:0
2012927132732   Network Connection IP6 Subnet : None
2012927132732   Network connection IP6 Gateway : None
2012927132732   Network Connection IP6 DNS : 0:0:0:0:0:0:0:0
2012927132732   ==================================================
2012927132732   GetSRVConnState ----- END 
2012927132732   GetSRVConnState ----- Start 
2012927132732   ==================================================
2012927132732   Server State : idle
2012927132732   Description : Ready to connect
2012927132732   +++++++++++++++++++++++++++++++++++++++++
2012927132732   Network Serving Nmae : Roaming
2012927132732   Network Serving Type : 1XRTT
2012927132732   Network Serving ID : 139
2012927132732   Network Serving Server : server.pantech.com
2012927132732   Netwrok Serving Server Type : Roam Agent
2012927132732   Network Serving Encryption : CDMA
2012927132732   +++++++++++++++++++++++++++++++++++++++++
2012927132732   Network Serving Roam Type : None
2012927132732   Network Serving Roam Indicator : None
2012927132732   Network Serving Roam Indicator Description : None
2012927132732   Network Serving Roam Indicator Description : None
2012927132732   Network Serving Home Type : LTE
2012927132732   Network Serving Home ID : 311480
2012927132732   +++++++++++++++++++++++++++++++++++++++++
2012927132732   Network Actions : connect;poweroff
2012927132732   +++++++++++++++++++++++++++++++++++++++++
2012927132732   Network Connection IP4 IP : 0.0.0.0
2012927132732   Network Connection IP4 Subnet : 0.0.0.0
2012927132732   Network connection IP4 Gateway : 0.0.0.0
2012927132732   Network Connection IP4 DNS : 0.0.0.0
2012927132732   +++++++++++++++++++++++++++++++++++++++++
2012927132732   Network Connection IP6 IP : 0:0:0:0:0:0:0:0
2012927132732   Network Connection IP6 Subnet : None
2012927132732   Network connection IP6 Gateway : None
2012927132732   Network Connection IP6 DNS : 0:0:0:0:0:0:0:0
2012927132732   ==================================================
2012927132732   GetSRVConnState ----- END 
2012927132732   GetSRVConnState ----- Start 
2012927132732   ==================================================
2012927132732   Server State : idle
2012927132732   Description : Ready to connect
2012927132732   +++++++++