2012927132450   GetSRVConnState ----- Start 
2012927132450   ==================================================
2012927132450   Server State : idle
2012927132450   Description : Ready to connect
2012927132450   +++++++++++++++++++++++++++++++++++++++++
2012927132450   Network Serving Nmae : Roaming
2012927132450   Network Serving Type : 1XRTT
2012927132450   Network Serving ID : 139
2012927132450   Network Serving Server : server.pantech.com
2012927132450   Netwrok Serving Server Type : Roam Agent
2012927132450   Network Serving Encryption : CDMA
2012927132450   +++++++++++++++++++++++++++++++++++++++++
2012927132450   Network Serving Roam Type : None
2012927132450   Network Serving Roam Indicator : None
2012927132450   Network Serving Roam Indicator Description : None
2012927132450   Network Serving Roam Indicator Description : None
2012927132450   Network Serving Home Type : LTE
2012927132450   Network Serving Home ID : 311480
2012927132450   +++++++++++++++++++++++++++++++++++++++++
2012927132450   Network Actions : connect;poweroff
2012927132450   +++++++++++++++++++++++++++++++++++++++++
2012927132450   Network Connection IP4 IP : 0.0.0.0
2012927132450   Network Connection IP4 Subnet : 0.0.0.0
2012927132450   Network connection IP4 Gateway : 0.0.0.0
2012927132450   Network Connection IP4 DNS : 0.0.0.0
2012927132450   +++++++++++++++++++++++++++++++++++++++++
2012927132450   Network Connection IP6 IP : 0:0:0:0:0:0:0:0
2012927132450   Network Connection IP6 Subnet : None
2012927132450   Network connection IP6 Gateway : None
2012927132450   Network Connection IP6 DNS : 0:0:0:0:0:0:0:0
2012927132450   ==================================================
2012927132450   GetSRVConnState ----- END 
2012927132456   GetSRVConnState ----- Start 
2012927132456   ==================================================
2012927132456   Server State : idle
2012927132456   Description : Ready to connect
2012927132456   +++++++++++++++++++++++++++++++++++++++++
2012927132456   Network Serving Nmae : Roaming
2012927132456   Network Serving Type : 1XRTT
2012927132456   Network Serving ID : 139
2012927132456   Network Serving Server : server.pantech.com
2012927132456   Netwrok Serving Server Type : Roam Agent
2012927132456   Network Serving Encryption : CDMA
2012927132456   +++++++++++++++++++++++++++++++++++++++++
2012927132456   Network Serving Roam Type : None
2012927132456   Network Serving Roam Indicator : None
2012927132456   Network Serving Roam Indicator Description : None
2012927132456   Network Serving Roam Indicator Description : None
2012927132456   Network Serving Home Type : LTE
2012927132456   Network Serving Home ID : 311480
2012927132456   +++++++++++++++++++++++++++++++++++++++++
2012927132456   Network Actions : connect;poweroff
2012927132456   +++++++++++++++++++++++++++++++++++++++++
2012927132456   Network Connection IP4 IP : 0.0.0.0
2012927132456   Network Connection IP4 Subnet : 0.0.0.0
2012927132456   Network connection IP4 Gateway : 0.0.0.0
2012927132456   Network Connection IP4 DNS : 0.0.0.0
2012927132456   +++++++++++++++++++++++++++++++++++++++++
2012927132456   Network Connection IP6 IP : 0:0:0:0:0:0:0:0
2012927132456   Network Connection IP6 Subnet : None
2012927132456   Network connection IP6 Gateway : None
2012927132456   Network Connection IP6 DNS : 0:0:0:0:0:0:0:0
2012927132456   ==================================================
2012927132456   GetSRVConnState ----- END 
2012927132457   GetSRVConnState ----- Start 
2012927132457   ==================================================
2012927132457   Server State : idle
2012927132457   Description : Ready to connect
2012927132457   +++++++++++++++++++++++++++++++++++++++++
2012927132457   Network Serving Nmae : Roaming
2012927132457   Network Serving Type : 1XRTT
2012927132457   Network Serving ID : 139
2012927132457   Network Serving Server : server.pantech.com
2012927132457   Netwrok Serving Server Type : Roam Agent
2012927132457   Network Serving Encryption : CDMA
2012927132457   +++++++++++++++++++++++++++++++++++++++++
2012927132457   Network Serving Roam Type : None
2012927132457   Network Serving Roam Indicator : None
2012927132457   Network Serving Roam Indicator Description : None
2012927132457   Network Serving Roam Indicator Description : None
2012927132457   Network Serving Home Type : LTE
2012927132457   Network Serving Home ID : 311480
2012927132457   +++++++++++++++++++++++++++++++++++++++++
2012927132457   Network Actions : connect;poweroff
2012927132457   +++++++++++++++++++++++++++++++++++++++++
2012927132457   Network Connection IP4 IP : 0.0.0.0
2012927132457   Network Connection IP4 Subnet : 0.0.0.0
2012927132457   Network connection IP4 Gateway : 0.0.0.0
2012927132457   Network Connection IP4 DNS : 0.0.0.0
2012927132457   +++++++++++++++++++++++++++++++++++++++++
2012927132457   Network Connection IP6 IP : 0:0:0:0:0:0:0:0
2012927132457   Network Connection IP6 Subnet : None
2012927132457   Network connection IP6 Gateway : None
2012927132457   Network Connection IP6 DNS : 0:0:0:0:0:0:0:0
2012927132457   ==================================================
2012927132457   GetSRVConnState ----- END 
201292713250   GetSRVConnState ----- Start 
201292713250   ==================================================
201292713250   Server State : idle
201292713250   Description : Ready to connect
201292713250   +++++++++++++++++++++++++++++++++++++++++
201292713250   Network Serving Nmae : Roaming
201292713250   Network Serving Type : 1XRTT
201292713250   Network Serving ID : 139
201292713250   Network Serving Server : server.pantech.com
201292713250   Netwrok Serving Server Type : Roam Agent
201292713250   Network Serving Encryption : CDMA
201292713250   +++++++++++++++++++++++++++++++++++++++++
201292713250   Network Serving Roam Type : None
201292713250   Network Serving Roam Indicator : None
201292713250   Network Serving Roam Indicator Description : None
201292713250   Network Serving Roam Indicator Description : None
201292713250   Network Serving Home Type : LTE
201292713250   Network Serving Home ID : 311480
201292713250   +++++++++++++++++++++++++++++++++++++++++
201292713250   Network Actions : connect;poweroff
201292713250   +++++++++++++++++++++++++++++++++++++++++
201292713250   Network Connection IP4 IP : 0.0.0.0
201292713250   Network Connection IP4 Subnet : 0.0.0.0
201292713250   Network connection IP4 Gateway : 0.0.0.0
201292713250   Network Connection IP4 DNS : 0.0.0.0
201292713250   +++++++++++++++++++++++++++++++++++++++++
201292713250   Network Connection IP6 IP : 0:0:0:0:0:0:0:0
201292713250   Network Connection IP6 Subnet : None
201292713250   Network connection IP6 Gateway : None
201292713250   Network Connection IP6 DNS : 0:0:0:0:0:0:0:0
201292713250   ==================================================
201292713250   GetSRVConnState ----- END 
201292713251   GetSRVConnState ----- Start 
201292713251   ==================================================
201292713251   Server State : idle
201292713251   Description : Ready to connect
201292713251   +++++++++++++++++++++++++++++++++++++++++
201292713251   Network Serving Nmae : Roaming
201292713251   Network Serving Type : 1XRTT
201292713251   Network Serving ID : 139
201292713251   Network Serving Server : server.pantech.com
201292713251   Netwrok Serving Server Type : Roam Agent
201292713251   Network Serving Encryption : CDMA
201292713251   +++++++++++++++++++++++++++++++++++++++++
201292713251   Network Serving Roam Type : None
201292713252   Network Serving Roam Indicator : None
201292713252   Network Serving Roam Indicator Description : None
201292713252   Network Serving Roam Indicator Description : None
201292713252   Network Serving Home Type : LTE
201292713252   Network Serving Home ID : 311480
201292713252   +++++++++++++++++++++++++++++++++++++++++
201292713252   Network Actions : connect;poweroff
201292713252   +++++++++++++++++++++++++++++++++++++++++
201292713252   Network Connection IP4 IP : 0.0.0.0
201292713252   Network Connection IP4 Subnet : 0.0.0.0
201292713252   Network connection IP4 Gateway : 0.0.0.0
201292713252   Network Connection IP4 DNS : 0.0.0.0
201292713252   +++++++++++++++++++++++++++++++++++++++++
201292713252   Network Connection IP6 IP : 0:0:0:0:0:0:0:0
201292713252   Network Connection IP6 Subnet : None
201292713252   Network connection IP6 Gateway : None
201292713252   Network Connection IP6 DNS : 0:0:0:0:0:0:0:0
201292713252   ==================================================
201292713252   GetSRVConnState ----- END 
